producer_class	xtools.gsea.Gsea
producer_timestamp	1642411964425
param	zip_report	false
param	num	100
param	scoring_scheme	weighted
param	norm	meandiv
param	out	/mnt/Data/Single-cell_Analysis/Projects/IPL/IM_DTR/GitHub/Lung_IM_differentiation/13-Compare_with_Mafb-KO_IM/GSEA
param	mode	Max_probe
param	include_only_symbols	true
param	set_max	500
param	gmx	ftp.broadinstitute.org://pub/gsea/gene_sets/c2.cp.reactome.v7.5.symbols.gmt
param	plot_top_x	20
param	nperm	300
param	order	descending
param	rpt_label	IM_vs_MafbKO_REACTOME
param	rnd_seed	timestamp
param	set_min	15
param	res	/mnt/Data/Single-cell_Analysis/Projects/IPL/IM_DTR/GitHub/Lung_IM_differentiation/13-Compare_with_Mafb-KO_IM/AssayData_RNA_data_MafbKO_control_IM.txt
param	chip	ftp.broadinstitute.org://pub/gsea/annotations_versioned/Mouse_Gene_Symbol_Remapping_Human_Orthologs_MSigDB.v7.5.chip
param	create_svgs	false
param	cls	/mnt/Data/Single-cell_Analysis/Projects/IPL/IM_DTR/GitHub/Lung_IM_differentiation/13-Compare_with_Mafb-KO_IM/Class_celltype2_MafbKO_control_IM.cls#IM_versus_Mafb-deficient
param	sort	real
param	create_gcts	false
param	help	false
param	save_rnd_lists	false
param	median	false
param	metric	Signal2Noise
param	make_sets	true
param	rnd_type	no_balance
param	gui	false
param	permute	phenotype
param	collapse	Collapse

file	/mnt/Data/Single-cell_Analysis/Projects/IPL/IM_DTR/GitHub/Lung_IM_differentiation/13-Compare_with_Mafb-KO_IM/GSEA/IM_vs_MafbKO_REACTOME.Gsea.1642411964425/index.html
